06/07/2021 19:59 | GameOverScene | 0h 1m 47s
06/07/2021 20:04 | GameOverScene | 0h 1m 11s
06/07/2021 20:07 | GameOverScene | 0h 0m 45s
06/07/2021 20:11 | GameOverScene | 0h 0m 43s
06/07/2021 20:13 | GameOverScene | 0h 0m 44s
06/07/2021 20:15 | GameOverScene | 0h 0m 42s
06/07/2021 20:20 | GameOverScene | 0h 0m 46s
06/07/2021 20:49 | GameOverScene | 0h 0m 41s
06/07/2021 20:52 | GameOverScene | 0h 0m 42s
06/07/2021 20:56 | GameOverScene | 0h 0m 41s
06/07/2021 21:03 | GameOverScene | 0h 0m 38s
06/07/2021 21:05 | GameOverScene | 0h 0m 41s
06/07/2021 21:11 | GameOverScene | 0h 0m 39s
06/07/2021 21:19 | GameOverScene | 0h 0m 42s
06/07/2021 21:33 | GameOverScene | 0h 0m 43s
06/07/2021 21:34 | GameOverScene | 0h 0m 42s
06/07/2021 21:36 | GameOverScene | 0h 0m 41s
06/07/2021 22:14 | SinglePlayer | 0h 5m 55s
06/07/2021 22:22 | SinglePlayer | 0h 6m 0s
06/07/2021 22:58 | MainMenu | 0h 4m 8s
06/07/2021 23:04 | MainMenu | 0h 3m 56s
06/07/2021 23:10 | MainMenu | 0h 4m 6s
06/07/2021 23:28 | MainMenu | 0h 4m 7s
12/23/2021 07:07 | TutorialScene | 0h 0m 12s
12/23/2021 09:21 | SinglePlayer | 0h 1m 9s
12/23/2021 09:27 | SinglePlayer | 0h 1m 8s
12/23/2021 09:32 | SinglePlayer | 0h 1m 3s
12/23/2021 09:43 | SinglePlayer | 0h 1m 2s
12/23/2021 09:46 | SinglePlayer | 0h 1m 0s
12/23/2021 09:48 | TutorialScene | 0h 0m 11s
12/23/2021 09:53 | TutorialScene | 0h 0m 8s
12/23/2021 09:55 | MainMenu | 0h 0m 57s
12/23/2021 09:58 | Main_Menu | 0h 0m 53s
12/23/2021 10:24 | Game_Over | 0h 0m 41s
12/23/2021 10:26 | Game_Over | 0h 0m 42s
12/23/2021 10:43 | Tutorial | 0h 0m 8s
12/23/2021 10:46 | Game_Over | 0h 0m 41s
12/23/2021 10:48 | Main_Menu | 0h 0m 52s
12/23/2021 10:50 | Main_Menu | 0h 0m 50s
12/23/2021 10:51 | Tutorial | 0h 0m 8s
12/23/2021 10:54 | Main_Menu | 0h 0m 52s
